<?xml version="1.0" encoding="UTF-8"?>
<testng-results ignored="0" total="1" passed="1" failed="0" skipped="0">
  <reporter-output>
  </reporter-output>
  <suite started-at="2022-05-12T00:30:48 IST" name="Default suite" finished-at="2022-05-12T00:31:07 IST" duration-ms="19466">
    <groups>
    </groups>
    <test started-at="2022-05-12T00:30:48 IST" name="Default test" finished-at="2022-05-12T00:31:07 IST" duration-ms="19466">
      <class name="Module1_Donor_Mgnt_Test.Donor_TESTCASE1_10">
        <test-method is-config="true" signature="open()[pri:0, instance:Module1_Donor_Mgnt_Test.Donor_TESTCASE1_10@4145bad8]" started-at="2022-05-12T00:30:48 IST" name="open" finished-at="2022-05-12T00:30:48 IST" duration-ms="14" status="PASS">
          <reporter-output>
          </reporter-output>
        </test-method> <!-- open -->
        <test-method is-config="true" signature="OpenBrowser()[pri:0, instance:Module1_Donor_Mgnt_Test.Donor_TESTCASE1_10@4145bad8]" started-at="2022-05-12T00:30:48 IST" name="OpenBrowser" finished-at="2022-05-12T00:30:57 IST" duration-ms="8948" status="PASS">
          <reporter-output>
          </reporter-output>
        </test-method> <!-- OpenBrowser -->
        <test-method signature="FillInfo()[pri:0, instance:Module1_Donor_Mgnt_Test.Donor_TESTCASE1_10@4145bad8]" started-at="2022-05-12T00:30:57 IST" name="FillInfo" finished-at="2022-05-12T00:31:02 IST" duration-ms="5429" status="PASS">
          <reporter-output>
          </reporter-output>
        </test-method> <!-- FillInfo -->
        <test-method is-config="true" signature="logoutBrowser(org.testng.ITestResult)[pri:0, instance:Module1_Donor_Mgnt_Test.Donor_TESTCASE1_10@4145bad8]" started-at="2022-05-12T00:31:02 IST" name="logoutBrowser" finished-at="2022-05-12T00:31:02 IST" duration-ms="3" status="PASS">
          <params>
            <param index="0">
              <value>
                <![CDATA[[TestResult name=FillInfo status=SUCCESS method=Donor_TESTCASE1_10.FillInfo()[pri:0, instance:Module1_Donor_Mgnt_Test.Donor_TESTCASE1_10@4145bad8] output={null}]]]>
              </value>
            </param>
          </params>
          <reporter-output>
          </reporter-output>
        </test-method> <!-- logoutBrowser -->
        <test-method is-config="true" signature="closeBrowser()[pri:0, instance:Module1_Donor_Mgnt_Test.Donor_TESTCASE1_10@4145bad8]" started-at="2022-05-12T00:31:02 IST" name="closeBrowser" finished-at="2022-05-12T00:31:07 IST" duration-ms="5008" status="PASS">
          <reporter-output>
          </reporter-output>
        </test-method> <!-- closeBrowser -->
      </class> <!-- Module1_Donor_Mgnt_Test.Donor_TESTCASE1_10 -->
    </test> <!-- Default test -->
  </suite> <!-- Default suite -->
</testng-results>
